mode: set
github.com/mensylisir/kubexm/pkg/connector/errors.go:13.39,15.20 2 1
github.com/mensylisir/kubexm/pkg/connector/errors.go:15.20,17.3 1 1
github.com/mensylisir/kubexm/pkg/connector/errors.go:17.8,19.3 1 1
github.com/mensylisir/kubexm/pkg/connector/errors.go:20.2,20.25 1 1
github.com/mensylisir/kubexm/pkg/connector/errors.go:20.25,22.3 1 1
github.com/mensylisir/kubexm/pkg/connector/errors.go:23.2,23.15 1 1
github.com/mensylisir/kubexm/pkg/connector/errors.go:26.39,28.2 1 1
github.com/mensylisir/kubexm/pkg/connector/errors.go:35.42,37.2 1 1
github.com/mensylisir/kubexm/pkg/connector/errors.go:39.42,41.2 1 1
github.com/mensylisir/kubexm/pkg/connector/factory.go:20.27,22.2 1 1
github.com/mensylisir/kubexm/pkg/connector/factory.go:24.74,26.2 1 1
github.com/mensylisir/kubexm/pkg/connector/factory.go:28.65,30.2 1 1
github.com/mensylisir/kubexm/pkg/connector/factory.go:32.98,36.13 3 1
github.com/mensylisir/kubexm/pkg/connector/factory.go:36.13,38.3 1 1
github.com/mensylisir/kubexm/pkg/connector/factory.go:41.2,41.37 1 1
github.com/mensylisir/kubexm/pkg/connector/factory.go:44.106,56.23 2 1
github.com/mensylisir/kubexm/pkg/connector/factory.go:56.23,58.3 1 0
github.com/mensylisir/kubexm/pkg/connector/factory.go:58.8,58.33 1 1
github.com/mensylisir/kubexm/pkg/connector/factory.go:58.33,60.3 1 1
github.com/mensylisir/kubexm/pkg/connector/factory.go:62.2,62.32 1 1
github.com/mensylisir/kubexm/pkg/connector/factory.go:62.32,64.17 2 1
github.com/mensylisir/kubexm/pkg/connector/factory.go:64.17,66.4 1 0
github.com/mensylisir/kubexm/pkg/connector/factory.go:67.3,67.34 1 1
github.com/mensylisir/kubexm/pkg/connector/factory.go:70.2,70.21 1 1
github.com/mensylisir/kubexm/pkg/connector/host_impl.go:14.51,18.2 1 1
github.com/mensylisir/kubexm/pkg/connector/host_impl.go:20.37,22.2 1 1
github.com/mensylisir/kubexm/pkg/connector/host_impl.go:24.41,26.2 1 1
github.com/mensylisir/kubexm/pkg/connector/host_impl.go:28.40,30.2 1 1
github.com/mensylisir/kubexm/pkg/connector/host_impl.go:32.47,34.2 1 1
github.com/mensylisir/kubexm/pkg/connector/host_impl.go:36.48,38.2 1 1
github.com/mensylisir/kubexm/pkg/connector/host_impl.go:40.52,42.2 1 1
github.com/mensylisir/kubexm/pkg/connector/host_impl.go:44.52,47.29 3 1
github.com/mensylisir/kubexm/pkg/connector/host_impl.go:47.29,49.3 1 1
github.com/mensylisir/kubexm/pkg/connector/host_impl.go:50.2,50.28 1 1
github.com/mensylisir/kubexm/pkg/connector/host_impl.go:53.55,55.2 1 1
github.com/mensylisir/kubexm/pkg/connector/host_impl.go:57.34,59.2 1 1
github.com/mensylisir/kubexm/pkg/connector/host_impl.go:61.38,63.2 1 1
github.com/mensylisir/kubexm/pkg/connector/host_impl.go:65.37,67.2 1 1
github.com/mensylisir/kubexm/pkg/connector/host_impl.go:69.38,71.2 1 1
github.com/mensylisir/kubexm/pkg/connector/host_impl.go:73.41,75.2 1 1
github.com/mensylisir/kubexm/pkg/connector/host_impl.go:77.49,79.2 1 1
github.com/mensylisir/kubexm/pkg/connector/host_impl.go:81.43,83.2 1 1
github.com/mensylisir/kubexm/pkg/connector/host_impl.go:85.53,87.2 1 1
github.com/mensylisir/kubexm/pkg/connector/host_impl.go:89.47,91.2 1 1
github.com/mensylisir/kubexm/pkg/connector/host_impl.go:93.51,95.2 1 1
github.com/mensylisir/kubexm/pkg/connector/host_impl.go:97.37,99.30 2 1
github.com/mensylisir/kubexm/pkg/connector/host_impl.go:99.30,101.3 1 1
github.com/mensylisir/kubexm/pkg/connector/host_impl.go:102.2,102.32 1 1
github.com/mensylisir/kubexm/pkg/connector/host_impl.go:102.32,104.3 1 1
github.com/mensylisir/kubexm/pkg/connector/host_impl.go:106.2,106.13 1 1
github.com/mensylisir/kubexm/pkg/connector/host_impl.go:109.41,111.2 1 1
github.com/mensylisir/kubexm/pkg/connector/host_impl.go:113.39,115.2 1 1
github.com/mensylisir/kubexm/pkg/connector/host_impl.go:117.46,119.2 1 1
github.com/mensylisir/kubexm/pkg/connector/host_impl.go:121.40,122.25 1 1
github.com/mensylisir/kubexm/pkg/connector/host_impl.go:122.25,124.3 1 1
github.com/mensylisir/kubexm/pkg/connector/host_impl.go:125.2,127.18 3 1
github.com/mensylisir/kubexm/pkg/connector/host_impl.go:130.45,132.2 1 1
github.com/mensylisir/kubexm/pkg/connector/host_impl.go:134.41,137.2 2 0
github.com/mensylisir/kubexm/pkg/connector/host_impl.go:139.45,140.43 1 1
github.com/mensylisir/kubexm/pkg/connector/host_impl.go:140.43,142.3 1 1
github.com/mensylisir/kubexm/pkg/connector/host_impl.go:143.2,143.14 1 1
github.com/mensylisir/kubexm/pkg/connector/host_impl.go:146.52,148.2 1 1
github.com/mensylisir/kubexm/pkg/connector/local.go:24.35,26.2 1 1
github.com/mensylisir/kubexm/pkg/connector/local.go:33.51,35.2 1 1
github.com/mensylisir/kubexm/pkg/connector/local.go:37.80,40.2 2 1
github.com/mensylisir/kubexm/pkg/connector/local.go:42.45,44.2 1 0
github.com/mensylisir/kubexm/pkg/connector/local.go:46.40,48.2 1 0
github.com/mensylisir/kubexm/pkg/connector/local.go:50.121,52.20 2 1
github.com/mensylisir/kubexm/pkg/connector/local.go:52.20,54.3 1 1
github.com/mensylisir/kubexm/pkg/connector/local.go:56.2,57.27 2 1
github.com/mensylisir/kubexm/pkg/connector/local.go:57.27,58.31 1 1
github.com/mensylisir/kubexm/pkg/connector/local.go:58.31,60.4 1 1
github.com/mensylisir/kubexm/pkg/connector/local.go:60.9,62.4 1 0
github.com/mensylisir/kubexm/pkg/connector/local.go:65.2,65.66 1 1
github.com/mensylisir/kubexm/pkg/connector/local.go:65.66,67.32 2 1
github.com/mensylisir/kubexm/pkg/connector/local.go:67.32,69.4 1 0
github.com/mensylisir/kubexm/pkg/connector/local.go:71.3,73.36 2 1
github.com/mensylisir/kubexm/pkg/connector/local.go:73.36,75.4 1 1
github.com/mensylisir/kubexm/pkg/connector/local.go:77.3,77.56 1 1
github.com/mensylisir/kubexm/pkg/connector/local.go:77.56,79.4 1 1
github.com/mensylisir/kubexm/pkg/connector/local.go:80.3,81.37 2 1
github.com/mensylisir/kubexm/pkg/connector/local.go:81.37,84.4 2 0
github.com/mensylisir/kubexm/pkg/connector/local.go:84.9,87.4 2 1
github.com/mensylisir/kubexm/pkg/connector/local.go:89.3,89.33 1 1
github.com/mensylisir/kubexm/pkg/connector/local.go:89.33,91.4 1 1
github.com/mensylisir/kubexm/pkg/connector/local.go:93.3,94.51 2 1
github.com/mensylisir/kubexm/pkg/connector/local.go:97.2,98.49 2 1
github.com/mensylisir/kubexm/pkg/connector/local.go:98.49,102.35 3 1
github.com/mensylisir/kubexm/pkg/connector/local.go:102.35,104.4 1 0
github.com/mensylisir/kubexm/pkg/connector/local.go:106.3,108.27 2 1
github.com/mensylisir/kubexm/pkg/connector/local.go:108.27,110.4 1 0
github.com/mensylisir/kubexm/pkg/connector/local.go:112.3,112.17 1 1
github.com/mensylisir/kubexm/pkg/connector/local.go:112.17,114.4 1 1
github.com/mensylisir/kubexm/pkg/connector/local.go:116.3,117.50 2 0
github.com/mensylisir/kubexm/pkg/connector/local.go:117.50,118.9 1 0
github.com/mensylisir/kubexm/pkg/connector/local.go:121.3,121.35 1 0
github.com/mensylisir/kubexm/pkg/connector/local.go:121.35,122.39 1 0
github.com/mensylisir/kubexm/pkg/connector/local.go:122.39,124.5 1 0
github.com/mensylisir/kubexm/pkg/connector/local.go:125.9,126.9 1 0
github.com/mensylisir/kubexm/pkg/connector/local.go:130.2,130.22 1 0
github.com/mensylisir/kubexm/pkg/connector/local.go:130.22,132.3 1 0
github.com/mensylisir/kubexm/pkg/connector/local.go:134.2,135.51 2 0
github.com/mensylisir/kubexm/pkg/connector/local.go:135.51,136.59 1 0
github.com/mensylisir/kubexm/pkg/connector/local.go:136.59,138.4 1 0
github.com/mensylisir/kubexm/pkg/connector/local.go:140.2,140.138 1 0
github.com/mensylisir/kubexm/pkg/connector/local.go:143.120,145.2 1 1
github.com/mensylisir/kubexm/pkg/connector/local.go:147.122,149.2 1 1
github.com/mensylisir/kubexm/pkg/connector/local.go:151.113,153.20 2 1
github.com/mensylisir/kubexm/pkg/connector/local.go:153.20,155.3 1 1
github.com/mensylisir/kubexm/pkg/connector/local.go:157.2,158.22 2 1
github.com/mensylisir/kubexm/pkg/connector/local.go:158.22,161.3 2 0
github.com/mensylisir/kubexm/pkg/connector/local.go:163.2,164.16 2 1
github.com/mensylisir/kubexm/pkg/connector/local.go:164.16,166.3 1 1
github.com/mensylisir/kubexm/pkg/connector/local.go:168.2,168.50 1 1
github.com/mensylisir/kubexm/pkg/connector/local.go:168.50,169.36 1 1
github.com/mensylisir/kubexm/pkg/connector/local.go:169.36,171.4 1 1
github.com/mensylisir/kubexm/pkg/connector/local.go:174.2,174.16 1 1
github.com/mensylisir/kubexm/pkg/connector/local.go:174.16,175.22 1 1
github.com/mensylisir/kubexm/pkg/connector/local.go:175.22,177.4 1 0
github.com/mensylisir/kubexm/pkg/connector/local.go:178.3,178.44 1 1
github.com/mensylisir/kubexm/pkg/connector/local.go:181.2,182.16 2 1
github.com/mensylisir/kubexm/pkg/connector/local.go:182.16,184.3 1 0
github.com/mensylisir/kubexm/pkg/connector/local.go:185.2,191.21 3 1
github.com/mensylisir/kubexm/pkg/connector/local.go:191.21,195.17 3 0
github.com/mensylisir/kubexm/pkg/connector/local.go:195.17,197.4 1 0
github.com/mensylisir/kubexm/pkg/connector/local.go:198.8,202.17 3 1
github.com/mensylisir/kubexm/pkg/connector/local.go:202.17,204.4 1 0
github.com/mensylisir/kubexm/pkg/connector/local.go:207.2,208.73 2 1
github.com/mensylisir/kubexm/pkg/connector/local.go:208.73,211.22 3 1
github.com/mensylisir/kubexm/pkg/connector/local.go:211.22,213.4 1 0
github.com/mensylisir/kubexm/pkg/connector/local.go:216.2,218.18 3 1
github.com/mensylisir/kubexm/pkg/connector/local.go:218.18,220.3 1 0
github.com/mensylisir/kubexm/pkg/connector/local.go:222.2,222.51 1 1
github.com/mensylisir/kubexm/pkg/connector/local.go:225.84,227.16 2 1
github.com/mensylisir/kubexm/pkg/connector/local.go:227.16,229.3 1 0
github.com/mensylisir/kubexm/pkg/connector/local.go:230.2,232.61 2 1
github.com/mensylisir/kubexm/pkg/connector/local.go:232.61,234.3 1 0
github.com/mensylisir/kubexm/pkg/connector/local.go:236.2,237.16 2 1
github.com/mensylisir/kubexm/pkg/connector/local.go:237.16,239.3 1 0
github.com/mensylisir/kubexm/pkg/connector/local.go:240.2,242.53 2 1
github.com/mensylisir/kubexm/pkg/connector/local.go:242.53,244.3 1 0
github.com/mensylisir/kubexm/pkg/connector/local.go:246.2,246.28 1 1
github.com/mensylisir/kubexm/pkg/connector/local.go:246.28,248.22 2 0
github.com/mensylisir/kubexm/pkg/connector/local.go:248.22,250.4 1 0
github.com/mensylisir/kubexm/pkg/connector/local.go:251.3,251.58 1 0
github.com/mensylisir/kubexm/pkg/connector/local.go:251.58,253.4 1 0
github.com/mensylisir/kubexm/pkg/connector/local.go:255.2,255.12 1 1
github.com/mensylisir/kubexm/pkg/connector/local.go:258.83,260.16 2 0
github.com/mensylisir/kubexm/pkg/connector/local.go:260.16,262.3 1 0
github.com/mensylisir/kubexm/pkg/connector/local.go:263.2,263.57 1 0
github.com/mensylisir/kubexm/pkg/connector/local.go:263.57,265.3 1 0
github.com/mensylisir/kubexm/pkg/connector/local.go:267.2,268.16 2 0
github.com/mensylisir/kubexm/pkg/connector/local.go:268.16,270.3 1 0
github.com/mensylisir/kubexm/pkg/connector/local.go:272.2,272.32 1 0
github.com/mensylisir/kubexm/pkg/connector/local.go:272.32,276.20 3 0
github.com/mensylisir/kubexm/pkg/connector/local.go:276.20,277.60 1 0
github.com/mensylisir/kubexm/pkg/connector/local.go:277.60,279.5 1 0
github.com/mensylisir/kubexm/pkg/connector/local.go:280.9,281.61 1 0
github.com/mensylisir/kubexm/pkg/connector/local.go:281.61,283.5 1 0
github.com/mensylisir/kubexm/pkg/connector/local.go:286.2,286.12 1 0
github.com/mensylisir/kubexm/pkg/connector/local.go:289.113,290.28 1 1
github.com/mensylisir/kubexm/pkg/connector/local.go:290.28,291.81 1 0
github.com/mensylisir/kubexm/pkg/connector/local.go:291.81,293.4 1 0
github.com/mensylisir/kubexm/pkg/connector/local.go:294.3,296.17 3 0
github.com/mensylisir/kubexm/pkg/connector/local.go:296.17,298.4 1 0
github.com/mensylisir/kubexm/pkg/connector/local.go:302.2,303.22 2 1
github.com/mensylisir/kubexm/pkg/connector/local.go:303.22,305.3 1 0
github.com/mensylisir/kubexm/pkg/connector/local.go:307.2,307.25 1 1
github.com/mensylisir/kubexm/pkg/connector/local.go:307.25,309.3 1 1
github.com/mensylisir/kubexm/pkg/connector/local.go:311.2,313.42 3 1
github.com/mensylisir/kubexm/pkg/connector/local.go:313.42,315.3 1 0
github.com/mensylisir/kubexm/pkg/connector/local.go:317.2,321.16 4 1
github.com/mensylisir/kubexm/pkg/connector/local.go:321.16,323.3 1 0
github.com/mensylisir/kubexm/pkg/connector/local.go:325.2,325.12 1 1
github.com/mensylisir/kubexm/pkg/connector/local.go:328.127,330.20 2 1
github.com/mensylisir/kubexm/pkg/connector/local.go:330.20,332.3 1 1
github.com/mensylisir/kubexm/pkg/connector/local.go:334.2,335.22 2 1
github.com/mensylisir/kubexm/pkg/connector/local.go:335.22,338.3 2 0
github.com/mensylisir/kubexm/pkg/connector/local.go:340.2,340.16 1 1
github.com/mensylisir/kubexm/pkg/connector/local.go:340.16,342.29 2 1
github.com/mensylisir/kubexm/pkg/connector/local.go:342.29,343.75 1 1
github.com/mensylisir/kubexm/pkg/connector/local.go:343.75,345.5 1 0
github.com/mensylisir/kubexm/pkg/connector/local.go:345.10,347.5 1 1
github.com/mensylisir/kubexm/pkg/connector/local.go:349.3,349.66 1 1
github.com/mensylisir/kubexm/pkg/connector/local.go:349.66,351.4 1 0
github.com/mensylisir/kubexm/pkg/connector/local.go:352.3,352.50 1 1
github.com/mensylisir/kubexm/pkg/connector/local.go:355.2,356.16 2 1
github.com/mensylisir/kubexm/pkg/connector/local.go:356.16,358.3 1 0
github.com/mensylisir/kubexm/pkg/connector/local.go:359.2,361.50 2 1
github.com/mensylisir/kubexm/pkg/connector/local.go:361.50,364.3 2 0
github.com/mensylisir/kubexm/pkg/connector/local.go:365.2,365.40 1 1
github.com/mensylisir/kubexm/pkg/connector/local.go:365.40,367.3 1 0
github.com/mensylisir/kubexm/pkg/connector/local.go:369.2,370.73 2 1
github.com/mensylisir/kubexm/pkg/connector/local.go:370.73,373.22 3 1
github.com/mensylisir/kubexm/pkg/connector/local.go:373.22,375.4 1 0
github.com/mensylisir/kubexm/pkg/connector/local.go:378.2,380.18 3 1
github.com/mensylisir/kubexm/pkg/connector/local.go:380.18,382.3 1 0
github.com/mensylisir/kubexm/pkg/connector/local.go:384.2,384.51 1 1
github.com/mensylisir/kubexm/pkg/connector/local.go:387.119,389.2 1 0
github.com/mensylisir/kubexm/pkg/connector/local.go:390.84,392.16 2 1
github.com/mensylisir/kubexm/pkg/connector/local.go:392.16,393.25 1 0
github.com/mensylisir/kubexm/pkg/connector/local.go:393.25,395.4 1 0
github.com/mensylisir/kubexm/pkg/connector/local.go:396.3,396.72 1 0
github.com/mensylisir/kubexm/pkg/connector/local.go:398.2,405.8 1 1
github.com/mensylisir/kubexm/pkg/connector/local.go:408.114,412.16 3 1
github.com/mensylisir/kubexm/pkg/connector/local.go:412.16,421.3 1 1
github.com/mensylisir/kubexm/pkg/connector/local.go:423.2,423.24 1 1
github.com/mensylisir/kubexm/pkg/connector/local.go:423.24,425.3 1 1
github.com/mensylisir/kubexm/pkg/connector/local.go:427.2,427.14 1 0
github.com/mensylisir/kubexm/pkg/connector/local.go:427.14,429.3 1 0
github.com/mensylisir/kubexm/pkg/connector/local.go:431.2,433.22 3 0
github.com/mensylisir/kubexm/pkg/connector/local.go:433.22,435.3 1 0
github.com/mensylisir/kubexm/pkg/connector/local.go:437.2,444.8 4 0
github.com/mensylisir/kubexm/pkg/connector/local.go:447.85,449.2 1 0
github.com/mensylisir/kubexm/pkg/connector/local.go:451.119,452.60 1 0
github.com/mensylisir/kubexm/pkg/connector/local.go:452.60,454.3 1 0
github.com/mensylisir/kubexm/pkg/connector/local.go:456.2,465.16 5 0
github.com/mensylisir/kubexm/pkg/connector/local.go:465.16,467.3 1 0
github.com/mensylisir/kubexm/pkg/connector/local.go:469.2,470.16 2 0
github.com/mensylisir/kubexm/pkg/connector/local.go:470.16,472.3 1 0
github.com/mensylisir/kubexm/pkg/connector/local.go:474.2,474.18 1 0
github.com/mensylisir/kubexm/pkg/connector/local.go:477.66,479.23 2 1
github.com/mensylisir/kubexm/pkg/connector/local.go:479.23,481.3 1 1
github.com/mensylisir/kubexm/pkg/connector/local.go:482.2,486.22 2 1
github.com/mensylisir/kubexm/pkg/connector/local.go:487.15,490.23 3 1
github.com/mensylisir/kubexm/pkg/connector/local.go:490.23,492.4 1 1
github.com/mensylisir/kubexm/pkg/connector/local.go:492.9,494.4 1 0
github.com/mensylisir/kubexm/pkg/connector/local.go:495.3,496.17 2 1
github.com/mensylisir/kubexm/pkg/connector/local.go:496.17,499.31 3 1
github.com/mensylisir/kubexm/pkg/connector/local.go:499.31,501.24 2 1
github.com/mensylisir/kubexm/pkg/connector/local.go:501.24,505.6 3 1
github.com/mensylisir/kubexm/pkg/connector/local.go:507.4,507.32 1 1
github.com/mensylisir/kubexm/pkg/connector/local.go:507.32,509.5 1 1
github.com/mensylisir/kubexm/pkg/connector/local.go:510.4,510.43 1 1
github.com/mensylisir/kubexm/pkg/connector/local.go:510.43,512.5 1 1
github.com/mensylisir/kubexm/pkg/connector/local.go:513.4,513.43 1 1
github.com/mensylisir/kubexm/pkg/connector/local.go:513.43,515.5 1 1
github.com/mensylisir/kubexm/pkg/connector/local.go:516.4,516.49 1 1
github.com/mensylisir/kubexm/pkg/connector/local.go:516.49,518.5 1 1
github.com/mensylisir/kubexm/pkg/connector/local.go:519.9,520.23 1 0
github.com/mensylisir/kubexm/pkg/connector/local.go:520.23,522.5 1 0
github.com/mensylisir/kubexm/pkg/connector/local.go:523.4,523.31 1 0
github.com/mensylisir/kubexm/pkg/connector/local.go:523.31,525.5 1 0
github.com/mensylisir/kubexm/pkg/connector/local.go:526.4,526.97 1 0
github.com/mensylisir/kubexm/pkg/connector/local.go:528.16,532.25 4 0
github.com/mensylisir/kubexm/pkg/connector/local.go:532.25,534.4 1 0
github.com/mensylisir/kubexm/pkg/connector/local.go:536.3,538.24 3 0
github.com/mensylisir/kubexm/pkg/connector/local.go:538.24,540.4 1 0
github.com/mensylisir/kubexm/pkg/connector/local.go:542.3,544.23 3 0
github.com/mensylisir/kubexm/pkg/connector/local.go:544.23,546.4 1 0
github.com/mensylisir/kubexm/pkg/connector/local.go:548.3,548.30 1 0
github.com/mensylisir/kubexm/pkg/connector/local.go:548.30,550.4 1 0
github.com/mensylisir/kubexm/pkg/connector/local.go:551.17,553.32 2 0
github.com/mensylisir/kubexm/pkg/connector/local.go:554.10,555.22 1 0
github.com/mensylisir/kubexm/pkg/connector/local.go:555.22,557.4 1 0
github.com/mensylisir/kubexm/pkg/connector/local.go:558.3,558.30 1 0
github.com/mensylisir/kubexm/pkg/connector/local.go:558.30,560.4 1 0
github.com/mensylisir/kubexm/pkg/connector/local.go:562.2,563.24 2 1
github.com/mensylisir/kubexm/pkg/connector/local.go:566.85,568.16 2 0
github.com/mensylisir/kubexm/pkg/connector/local.go:568.16,570.3 1 0
github.com/mensylisir/kubexm/pkg/connector/local.go:571.2,571.18 1 0
github.com/mensylisir/kubexm/pkg/connector/local.go:574.123,576.30 2 1
github.com/mensylisir/kubexm/pkg/connector/local.go:576.30,578.3 1 1
github.com/mensylisir/kubexm/pkg/connector/local.go:579.2,579.14 1 1
github.com/mensylisir/kubexm/pkg/connector/local.go:579.14,581.17 2 1
github.com/mensylisir/kubexm/pkg/connector/local.go:581.17,583.4 1 0
github.com/mensylisir/kubexm/pkg/connector/local.go:584.3,584.19 1 1
github.com/mensylisir/kubexm/pkg/connector/local.go:587.2,591.37 3 1
github.com/mensylisir/kubexm/pkg/connector/local.go:591.37,593.3 1 0
github.com/mensylisir/kubexm/pkg/connector/local.go:594.2,595.16 2 1
github.com/mensylisir/kubexm/pkg/connector/local.go:595.16,597.3 1 0
github.com/mensylisir/kubexm/pkg/connector/local.go:599.2,599.20 1 1
github.com/mensylisir/kubexm/pkg/connector/local.go:602.126,604.20 2 1
github.com/mensylisir/kubexm/pkg/connector/local.go:604.20,606.3 1 1
github.com/mensylisir/kubexm/pkg/connector/local.go:608.2,609.22 2 1
github.com/mensylisir/kubexm/pkg/connector/local.go:609.22,612.3 2 0
github.com/mensylisir/kubexm/pkg/connector/local.go:614.2,614.15 1 1
github.com/mensylisir/kubexm/pkg/connector/local.go:614.15,615.32 1 1
github.com/mensylisir/kubexm/pkg/connector/local.go:615.32,617.4 1 0
github.com/mensylisir/kubexm/pkg/connector/local.go:619.3,620.56 2 1
github.com/mensylisir/kubexm/pkg/connector/local.go:620.56,623.18 3 1
github.com/mensylisir/kubexm/pkg/connector/local.go:623.18,625.5 1 0
github.com/mensylisir/kubexm/pkg/connector/local.go:629.3,630.17 2 1
github.com/mensylisir/kubexm/pkg/connector/local.go:630.17,632.4 1 0
github.com/mensylisir/kubexm/pkg/connector/local.go:633.3,636.51 3 1
github.com/mensylisir/kubexm/pkg/connector/local.go:636.51,639.4 2 0
github.com/mensylisir/kubexm/pkg/connector/local.go:640.3,640.41 1 1
github.com/mensylisir/kubexm/pkg/connector/local.go:640.41,642.4 1 0
github.com/mensylisir/kubexm/pkg/connector/local.go:645.3,647.19 3 1
github.com/mensylisir/kubexm/pkg/connector/local.go:647.19,649.4 1 0
github.com/mensylisir/kubexm/pkg/connector/local.go:650.3,650.53 1 1
github.com/mensylisir/kubexm/pkg/connector/local.go:652.8,653.67 1 1
github.com/mensylisir/kubexm/pkg/connector/local.go:653.67,655.4 1 0
github.com/mensylisir/kubexm/pkg/connector/local.go:656.3,657.29 2 1
github.com/mensylisir/kubexm/pkg/connector/local.go:657.29,659.23 2 0
github.com/mensylisir/kubexm/pkg/connector/local.go:659.23,661.5 1 0
github.com/mensylisir/kubexm/pkg/connector/local.go:662.4,662.35 1 0
github.com/mensylisir/kubexm/pkg/connector/local.go:664.3,664.67 1 1
github.com/mensylisir/kubexm/pkg/connector/local.go:664.67,666.4 1 0
github.com/mensylisir/kubexm/pkg/connector/local.go:668.2,668.12 1 1
github.com/mensylisir/kubexm/pkg/connector/local.go:671.113,673.16 2 0
github.com/mensylisir/kubexm/pkg/connector/local.go:673.16,675.3 1 0
github.com/mensylisir/kubexm/pkg/connector/local.go:676.2,679.9 3 0
github.com/mensylisir/kubexm/pkg/connector/local.go:679.9,681.3 1 0
github.com/mensylisir/kubexm/pkg/connector/local.go:683.2,683.49 1 0
github.com/mensylisir/kubexm/pkg/connector/local.go:683.49,685.3 1 0
github.com/mensylisir/kubexm/pkg/connector/local.go:687.2,687.49 1 0
github.com/mensylisir/kubexm/pkg/connector/local.go:690.85,692.16 2 1
github.com/mensylisir/kubexm/pkg/connector/local.go:692.16,694.17 2 1
github.com/mensylisir/kubexm/pkg/connector/local.go:694.17,696.4 1 0
github.com/mensylisir/kubexm/pkg/connector/local.go:697.3,697.33 1 1
github.com/mensylisir/kubexm/pkg/connector/local.go:699.2,700.16 2 1
github.com/mensylisir/kubexm/pkg/connector/local.go:700.16,702.3 1 0
github.com/mensylisir/kubexm/pkg/connector/local.go:703.2,703.12 1 1
github.com/mensylisir/kubexm/pkg/connector/local.go:706.93,708.16 2 1
github.com/mensylisir/kubexm/pkg/connector/local.go:708.16,709.25 1 0
github.com/mensylisir/kubexm/pkg/connector/local.go:709.25,710.27 1 0
github.com/mensylisir/kubexm/pkg/connector/local.go:710.27,712.5 1 0
github.com/mensylisir/kubexm/pkg/connector/local.go:713.4,713.62 1 0
github.com/mensylisir/kubexm/pkg/connector/local.go:715.3,715.76 1 0
github.com/mensylisir/kubexm/pkg/connector/local.go:718.2,719.15 2 1
github.com/mensylisir/kubexm/pkg/connector/local.go:719.15,720.32 1 1
github.com/mensylisir/kubexm/pkg/connector/local.go:720.32,722.4 1 0
github.com/mensylisir/kubexm/pkg/connector/local.go:723.3,724.21 2 1
github.com/mensylisir/kubexm/pkg/connector/local.go:724.21,726.4 1 1
github.com/mensylisir/kubexm/pkg/connector/local.go:727.3,732.17 5 1
github.com/mensylisir/kubexm/pkg/connector/local.go:732.17,734.4 1 0
github.com/mensylisir/kubexm/pkg/connector/local.go:735.8,736.21 1 0
github.com/mensylisir/kubexm/pkg/connector/local.go:736.21,738.4 1 0
github.com/mensylisir/kubexm/pkg/connector/local.go:738.9,740.4 1 0
github.com/mensylisir/kubexm/pkg/connector/local.go:741.3,741.23 1 0
github.com/mensylisir/kubexm/pkg/connector/local.go:741.23,745.4 1 0
github.com/mensylisir/kubexm/pkg/connector/local.go:747.2,747.12 1 1
github.com/mensylisir/kubexm/pkg/connector/local.go:755.50,756.39 1 0
github.com/mensylisir/kubexm/pkg/connector/local.go:757.16,758.28 1 0
github.com/mensylisir/kubexm/pkg/connector/local.go:759.13,760.25 1 0
github.com/mensylisir/kubexm/pkg/connector/local.go:761.10,762.20 1 0
github.com/mensylisir/kubexm/pkg/connector/local.go:766.62,768.2 1 0
github.com/mensylisir/kubexm/pkg/connector/local.go:771.100,774.16 3 0
github.com/mensylisir/kubexm/pkg/connector/local.go:774.16,776.44 2 0
github.com/mensylisir/kubexm/pkg/connector/local.go:776.44,778.4 1 0
github.com/mensylisir/kubexm/pkg/connector/local.go:780.2,780.75 1 0
github.com/mensylisir/kubexm/pkg/connector/local.go:784.100,785.17 1 0
github.com/mensylisir/kubexm/pkg/connector/local.go:785.17,787.3 1 0
github.com/mensylisir/kubexm/pkg/connector/local.go:788.2,788.95 1 0
github.com/mensylisir/kubexm/pkg/connector/local.go:792.108,793.17 1 0
github.com/mensylisir/kubexm/pkg/connector/local.go:793.17,795.3 1 0
github.com/mensylisir/kubexm/pkg/connector/local.go:796.2,802.4 1 0
github.com/mensylisir/kubexm/pkg/connector/local.go:805.81,807.16 2 1
github.com/mensylisir/kubexm/pkg/connector/local.go:807.16,808.25 1 0
github.com/mensylisir/kubexm/pkg/connector/local.go:808.25,810.4 1 0
github.com/mensylisir/kubexm/pkg/connector/local.go:811.3,811.20 1 0
github.com/mensylisir/kubexm/pkg/connector/local.go:813.2,813.25 1 1
github.com/mensylisir/kubexm/pkg/connector/local.go:816.80,818.16 2 1
github.com/mensylisir/kubexm/pkg/connector/local.go:818.16,819.25 1 1
github.com/mensylisir/kubexm/pkg/connector/local.go:819.25,821.4 1 1
github.com/mensylisir/kubexm/pkg/connector/local.go:822.3,822.20 1 0
github.com/mensylisir/kubexm/pkg/connector/local.go:824.2,824.24 1 1
github.com/mensylisir/kubexm/pkg/connector/local.go:827.93,829.16 2 0
github.com/mensylisir/kubexm/pkg/connector/local.go:829.16,831.3 1 0
github.com/mensylisir/kubexm/pkg/connector/local.go:832.2,832.23 1 0
github.com/mensylisir/kubexm/pkg/connector/local.go:835.97,836.31 1 0
github.com/mensylisir/kubexm/pkg/connector/local.go:836.31,838.3 1 0
github.com/mensylisir/kubexm/pkg/connector/local.go:842.2,843.30 2 0
github.com/mensylisir/kubexm/pkg/connector/local.go:843.30,845.3 1 0
github.com/mensylisir/kubexm/pkg/connector/local.go:845.8,847.3 1 0
github.com/mensylisir/kubexm/pkg/connector/local.go:849.2,850.16 2 0
github.com/mensylisir/kubexm/pkg/connector/local.go:850.16,852.3 1 0
github.com/mensylisir/kubexm/pkg/connector/local.go:853.2,854.20 2 0
github.com/mensylisir/kubexm/pkg/connector/local.go:854.20,856.3 1 0
github.com/mensylisir/kubexm/pkg/connector/local.go:857.2,857.32 1 0
github.com/mensylisir/kubexm/pkg/connector/local.go:860.87,864.37 3 0
github.com/mensylisir/kubexm/pkg/connector/local.go:864.37,866.15 2 0
github.com/mensylisir/kubexm/pkg/connector/local.go:866.15,868.2 1 0
github.com/mensylisir/kubexm/pkg/connector/local.go:871.1,871.90 1 0
github.com/mensylisir/kubexm/pkg/connector/local.go:874.77,877.29 3 0
github.com/mensylisir/kubexm/pkg/connector/local.go:877.29,879.22 2 0
github.com/mensylisir/kubexm/pkg/connector/local.go:879.22,882.23 3 0
github.com/mensylisir/kubexm/pkg/connector/local.go:882.23,884.5 1 0
github.com/mensylisir/kubexm/pkg/connector/local.go:885.4,885.19 1 0
github.com/mensylisir/kubexm/pkg/connector/local.go:888.2,888.13 1 0
github.com/mensylisir/kubexm/pkg/connector/pool.go:25.51,27.2 1 0
github.com/mensylisir/kubexm/pkg/connector/pool.go:29.47,31.2 1 0
github.com/mensylisir/kubexm/pkg/connector/pool.go:33.38,34.22 1 1
github.com/mensylisir/kubexm/pkg/connector/pool.go:34.22,36.3 1 1
github.com/mensylisir/kubexm/pkg/connector/pool.go:37.2,37.29 1 1
github.com/mensylisir/kubexm/pkg/connector/pool.go:37.29,39.3 1 0
github.com/mensylisir/kubexm/pkg/connector/pool.go:42.47,43.22 1 1
github.com/mensylisir/kubexm/pkg/connector/pool.go:43.22,45.3 1 0
github.com/mensylisir/kubexm/pkg/connector/pool.go:46.2,47.19 2 1
github.com/mensylisir/kubexm/pkg/connector/pool.go:59.38,68.2 1 1
github.com/mensylisir/kubexm/pkg/connector/pool.go:86.60,87.32 1 1
github.com/mensylisir/kubexm/pkg/connector/pool.go:87.32,89.3 1 1
github.com/mensylisir/kubexm/pkg/connector/pool.go:90.2,90.27 1 1
github.com/mensylisir/kubexm/pkg/connector/pool.go:90.27,92.3 1 0
github.com/mensylisir/kubexm/pkg/connector/pool.go:93.2,93.31 1 1
github.com/mensylisir/kubexm/pkg/connector/pool.go:93.31,95.3 1 1
github.com/mensylisir/kubexm/pkg/connector/pool.go:96.2,96.29 1 1
github.com/mensylisir/kubexm/pkg/connector/pool.go:96.29,98.3 1 1
github.com/mensylisir/kubexm/pkg/connector/pool.go:99.2,99.37 1 1
github.com/mensylisir/kubexm/pkg/connector/pool.go:99.37,101.3 1 1
github.com/mensylisir/kubexm/pkg/connector/pool.go:103.2,109.36 2 1
github.com/mensylisir/kubexm/pkg/connector/pool.go:109.36,112.3 2 1
github.com/mensylisir/kubexm/pkg/connector/pool.go:114.2,114.11 1 1
github.com/mensylisir/kubexm/pkg/connector/pool.go:117.48,121.29 3 1
github.com/mensylisir/kubexm/pkg/connector/pool.go:121.29,125.3 3 0
github.com/mensylisir/kubexm/pkg/connector/pool.go:125.8,125.37 1 1
github.com/mensylisir/kubexm/pkg/connector/pool.go:125.37,127.3 1 0
github.com/mensylisir/kubexm/pkg/connector/pool.go:128.2,128.24 1 1
github.com/mensylisir/kubexm/pkg/connector/pool.go:128.24,130.3 1 1
github.com/mensylisir/kubexm/pkg/connector/pool.go:132.2,132.27 1 1
github.com/mensylisir/kubexm/pkg/connector/pool.go:132.27,141.3 2 0
github.com/mensylisir/kubexm/pkg/connector/pool.go:142.2,143.36 2 1
github.com/mensylisir/kubexm/pkg/connector/pool.go:146.83,150.8 4 1
github.com/mensylisir/kubexm/pkg/connector/pool.go:150.8,152.3 1 1
github.com/mensylisir/kubexm/pkg/connector/pool.go:154.2,157.9 4 1
github.com/mensylisir/kubexm/pkg/connector/pool.go:157.9,160.3 2 1
github.com/mensylisir/kubexm/pkg/connector/pool.go:161.2,161.12 1 1
github.com/mensylisir/kubexm/pkg/connector/pool.go:164.99,170.24 4 1
github.com/mensylisir/kubexm/pkg/connector/pool.go:170.24,175.93 4 1
github.com/mensylisir/kubexm/pkg/connector/pool.go:175.93,177.4 1 0
github.com/mensylisir/kubexm/pkg/connector/pool.go:178.3,178.114 1 1
github.com/mensylisir/kubexm/pkg/connector/pool.go:178.114,180.4 1 0
github.com/mensylisir/kubexm/pkg/connector/pool.go:182.3,182.12 1 1
github.com/mensylisir/kubexm/pkg/connector/pool.go:182.12,185.12 3 0
github.com/mensylisir/kubexm/pkg/connector/pool.go:188.3,188.21 1 1
github.com/mensylisir/kubexm/pkg/connector/pool.go:188.21,192.4 3 1
github.com/mensylisir/kubexm/pkg/connector/pool.go:193.3,194.18 2 0
github.com/mensylisir/kubexm/pkg/connector/pool.go:197.2,197.42 1 1
github.com/mensylisir/kubexm/pkg/connector/pool.go:197.42,200.3 2 1
github.com/mensylisir/kubexm/pkg/connector/pool.go:202.2,206.16 4 1
github.com/mensylisir/kubexm/pkg/connector/pool.go:206.16,211.3 4 0
github.com/mensylisir/kubexm/pkg/connector/pool.go:213.2,221.16 2 1
github.com/mensylisir/kubexm/pkg/connector/pool.go:224.70,225.35 1 1
github.com/mensylisir/kubexm/pkg/connector/pool.go:225.35,232.3 1 0
github.com/mensylisir/kubexm/pkg/connector/pool.go:234.2,234.22 1 1
github.com/mensylisir/kubexm/pkg/connector/pool.go:234.22,237.3 2 0
github.com/mensylisir/kubexm/pkg/connector/pool.go:239.2,244.60 4 1
github.com/mensylisir/kubexm/pkg/connector/pool.go:244.60,247.24 3 0
github.com/mensylisir/kubexm/pkg/connector/pool.go:247.24,249.4 1 0
github.com/mensylisir/kubexm/pkg/connector/pool.go:250.3,250.9 1 0
github.com/mensylisir/kubexm/pkg/connector/pool.go:253.2,254.33 2 1
github.com/mensylisir/kubexm/pkg/connector/pool.go:257.82,258.19 1 0
github.com/mensylisir/kubexm/pkg/connector/pool.go:258.19,260.3 1 0
github.com/mensylisir/kubexm/pkg/connector/pool.go:261.2,267.30 5 0
github.com/mensylisir/kubexm/pkg/connector/pool.go:267.30,268.26 1 0
github.com/mensylisir/kubexm/pkg/connector/pool.go:268.26,270.9 2 0
github.com/mensylisir/kubexm/pkg/connector/pool.go:273.2,274.23 2 0
github.com/mensylisir/kubexm/pkg/connector/pool.go:274.23,276.3 1 0
github.com/mensylisir/kubexm/pkg/connector/pool.go:279.38,284.6 4 1
github.com/mensylisir/kubexm/pkg/connector/pool.go:284.6,285.10 1 1
github.com/mensylisir/kubexm/pkg/connector/pool.go:286.19,288.33 2 0
github.com/mensylisir/kubexm/pkg/connector/pool.go:288.33,292.33 4 0
github.com/mensylisir/kubexm/pkg/connector/pool.go:292.33,294.96 2 0
github.com/mensylisir/kubexm/pkg/connector/pool.go:294.96,296.7 1 0
github.com/mensylisir/kubexm/pkg/connector/pool.go:297.6,297.117 1 0
github.com/mensylisir/kubexm/pkg/connector/pool.go:297.117,299.7 1 0
github.com/mensylisir/kubexm/pkg/connector/pool.go:301.6,301.15 1 0
github.com/mensylisir/kubexm/pkg/connector/pool.go:301.15,304.7 2 0
github.com/mensylisir/kubexm/pkg/connector/pool.go:304.12,306.7 1 0
github.com/mensylisir/kubexm/pkg/connector/pool.go:308.5,310.26 3 0
github.com/mensylisir/kubexm/pkg/connector/pool.go:310.26,312.6 1 0
github.com/mensylisir/kubexm/pkg/connector/pool.go:313.5,313.17 1 0
github.com/mensylisir/kubexm/pkg/connector/pool.go:315.4,315.19 1 0
github.com/mensylisir/kubexm/pkg/connector/pool.go:316.20,317.10 1 1
github.com/mensylisir/kubexm/pkg/connector/pool.go:322.38,323.22 1 1
github.com/mensylisir/kubexm/pkg/connector/pool.go:323.22,325.3 1 1
github.com/mensylisir/kubexm/pkg/connector/pool.go:326.2,331.31 4 1
github.com/mensylisir/kubexm/pkg/connector/pool.go:331.31,333.31 2 1
github.com/mensylisir/kubexm/pkg/connector/pool.go:333.31,335.4 1 1
github.com/mensylisir/kubexm/pkg/connector/pool.go:336.3,338.15 3 1
github.com/mensylisir/kubexm/pkg/connector/pool.go:340.2,340.49 1 1
github.com/mensylisir/kubexm/pkg/connector/ssh.go:37.58,41.2 1 1
github.com/mensylisir/kubexm/pkg/connector/ssh.go:43.78,48.44 4 1
github.com/mensylisir/kubexm/pkg/connector/ssh.go:48.44,50.52 2 0
github.com/mensylisir/kubexm/pkg/connector/ssh.go:50.52,56.4 5 0
github.com/mensylisir/kubexm/pkg/connector/ssh.go:57.3,57.54 1 0
github.com/mensylisir/kubexm/pkg/connector/ssh.go:57.54,59.4 1 0
github.com/mensylisir/kubexm/pkg/connector/ssh.go:62.2,65.16 4 1
github.com/mensylisir/kubexm/pkg/connector/ssh.go:65.16,67.3 1 0
github.com/mensylisir/kubexm/pkg/connector/ssh.go:68.2,71.12 4 1
github.com/mensylisir/kubexm/pkg/connector/ssh.go:74.43,75.39 1 1
github.com/mensylisir/kubexm/pkg/connector/ssh.go:75.39,77.3 1 0
github.com/mensylisir/kubexm/pkg/connector/ssh.go:78.2,79.16 2 1
github.com/mensylisir/kubexm/pkg/connector/ssh.go:79.16,82.3 2 0
github.com/mensylisir/kubexm/pkg/connector/ssh.go:83.2,83.13 1 1
github.com/mensylisir/kubexm/pkg/connector/ssh.go:86.38,90.25 4 1
github.com/mensylisir/kubexm/pkg/connector/ssh.go:90.25,91.46 1 1
github.com/mensylisir/kubexm/pkg/connector/ssh.go:91.46,94.4 2 0
github.com/mensylisir/kubexm/pkg/connector/ssh.go:95.3,95.21 1 1
github.com/mensylisir/kubexm/pkg/connector/ssh.go:98.2,98.21 1 1
github.com/mensylisir/kubexm/pkg/connector/ssh.go:98.21,99.60 1 1
github.com/mensylisir/kubexm/pkg/connector/ssh.go:99.60,102.4 2 0
github.com/mensylisir/kubexm/pkg/connector/ssh.go:102.9,103.43 1 1
github.com/mensylisir/kubexm/pkg/connector/ssh.go:103.43,104.24 1 0
github.com/mensylisir/kubexm/pkg/connector/ssh.go:104.24,106.6 1 0
github.com/mensylisir/kubexm/pkg/connector/ssh.go:107.5,107.108 1 0
github.com/mensylisir/kubexm/pkg/connector/ssh.go:109.4,109.30 1 1
github.com/mensylisir/kubexm/pkg/connector/ssh.go:109.30,110.51 1 0
github.com/mensylisir/kubexm/pkg/connector/ssh.go:110.51,111.25 1 0
github.com/mensylisir/kubexm/pkg/connector/ssh.go:111.25,113.7 1 0
github.com/mensylisir/kubexm/pkg/connector/ssh.go:114.6,114.117 1 0
github.com/mensylisir/kubexm/pkg/connector/ssh.go:118.8,118.35 1 0
github.com/mensylisir/kubexm/pkg/connector/ssh.go:118.35,119.49 1 0
github.com/mensylisir/kubexm/pkg/connector/ssh.go:119.49,120.23 1 0
github.com/mensylisir/kubexm/pkg/connector/ssh.go:120.23,122.5 1 0
github.com/mensylisir/kubexm/pkg/connector/ssh.go:123.4,123.124 1 0
github.com/mensylisir/kubexm/pkg/connector/ssh.go:127.2,131.17 5 1
github.com/mensylisir/kubexm/pkg/connector/ssh.go:134.119,135.22 1 1
github.com/mensylisir/kubexm/pkg/connector/ssh.go:135.22,137.3 1 0
github.com/mensylisir/kubexm/pkg/connector/ssh.go:139.2,140.20 2 1
github.com/mensylisir/kubexm/pkg/connector/ssh.go:140.20,142.3 1 1
github.com/mensylisir/kubexm/pkg/connector/ssh.go:144.2,144.87 1 1
github.com/mensylisir/kubexm/pkg/connector/ssh.go:144.87,146.17 2 1
github.com/mensylisir/kubexm/pkg/connector/ssh.go:146.17,148.4 1 0
github.com/mensylisir/kubexm/pkg/connector/ssh.go:149.3,151.36 2 1
github.com/mensylisir/kubexm/pkg/connector/ssh.go:151.36,152.48 1 0
github.com/mensylisir/kubexm/pkg/connector/ssh.go:152.48,154.24 2 0
github.com/mensylisir/kubexm/pkg/connector/ssh.go:154.24,156.6 1 0
github.com/mensylisir/kubexm/pkg/connector/ssh.go:160.3,161.33 2 1
github.com/mensylisir/kubexm/pkg/connector/ssh.go:161.33,163.4 1 0
github.com/mensylisir/kubexm/pkg/connector/ssh.go:165.3,165.28 1 1
github.com/mensylisir/kubexm/pkg/connector/ssh.go:165.28,166.32 1 1
github.com/mensylisir/kubexm/pkg/connector/ssh.go:166.32,169.5 2 1
github.com/mensylisir/kubexm/pkg/connector/ssh.go:169.10,172.5 2 0
github.com/mensylisir/kubexm/pkg/connector/ssh.go:173.9,175.4 1 1
github.com/mensylisir/kubexm/pkg/connector/ssh.go:177.3,178.37 2 1
github.com/mensylisir/kubexm/pkg/connector/ssh.go:178.37,181.4 2 0
github.com/mensylisir/kubexm/pkg/connector/ssh.go:181.9,184.4 2 1
github.com/mensylisir/kubexm/pkg/connector/ssh.go:186.3,186.49 1 1
github.com/mensylisir/kubexm/pkg/connector/ssh.go:186.49,188.4 1 0
github.com/mensylisir/kubexm/pkg/connector/ssh.go:190.3,191.13 2 1
github.com/mensylisir/kubexm/pkg/connector/ssh.go:191.13,193.4 1 1
github.com/mensylisir/kubexm/pkg/connector/ssh.go:195.3,195.10 1 1
github.com/mensylisir/kubexm/pkg/connector/ssh.go:196.24,198.11 2 0
github.com/mensylisir/kubexm/pkg/connector/ssh.go:199.18,199.18 0 0
github.com/mensylisir/kubexm/pkg/connector/ssh.go:200.39,200.39 0 0
github.com/mensylisir/kubexm/pkg/connector/ssh.go:202.4,202.61 1 0
github.com/mensylisir/kubexm/pkg/connector/ssh.go:203.24,204.52 1 1
github.com/mensylisir/kubexm/pkg/connector/ssh.go:208.2,209.66 2 1
github.com/mensylisir/kubexm/pkg/connector/ssh.go:209.66,211.3 1 0
github.com/mensylisir/kubexm/pkg/connector/ssh.go:211.8,211.43 1 1
github.com/mensylisir/kubexm/pkg/connector/ssh.go:211.44,212.3 0 0
github.com/mensylisir/kubexm/pkg/connector/ssh.go:214.2,214.49 1 1
github.com/mensylisir/kubexm/pkg/connector/ssh.go:214.49,217.35 3 1
github.com/mensylisir/kubexm/pkg/connector/ssh.go:217.35,219.4 1 0
github.com/mensylisir/kubexm/pkg/connector/ssh.go:221.3,223.27 2 1
github.com/mensylisir/kubexm/pkg/connector/ssh.go:223.27,225.4 1 0
github.com/mensylisir/kubexm/pkg/connector/ssh.go:227.3,227.17 1 1
github.com/mensylisir/kubexm/pkg/connector/ssh.go:227.17,229.4 1 1
github.com/mensylisir/kubexm/pkg/connector/ssh.go:230.3,230.27 1 0
github.com/mensylisir/kubexm/pkg/connector/ssh.go:230.27,232.4 1 0
github.com/mensylisir/kubexm/pkg/connector/ssh.go:234.3,234.17 1 0
github.com/mensylisir/kubexm/pkg/connector/ssh.go:234.17,236.4 1 0
github.com/mensylisir/kubexm/pkg/connector/ssh.go:238.3,238.23 1 0
github.com/mensylisir/kubexm/pkg/connector/ssh.go:238.23,239.9 1 0
github.com/mensylisir/kubexm/pkg/connector/ssh.go:242.3,242.35 1 0
github.com/mensylisir/kubexm/pkg/connector/ssh.go:242.35,243.39 1 0
github.com/mensylisir/kubexm/pkg/connector/ssh.go:243.39,244.12 1 0
github.com/mensylisir/kubexm/pkg/connector/ssh.go:245.23,246.32 1 0
github.com/mensylisir/kubexm/pkg/connector/ssh.go:247.52,247.52 0 0
github.com/mensylisir/kubexm/pkg/connector/ssh.go:250.9,251.9 1 0
github.com/mensylisir/kubexm/pkg/connector/ssh.go:255.2,256.45 2 0
github.com/mensylisir/kubexm/pkg/connector/ssh.go:256.45,258.3 1 0
github.com/mensylisir/kubexm/pkg/connector/ssh.go:259.2,259.133 1 0
github.com/mensylisir/kubexm/pkg/connector/ssh.go:262.43,263.25 1 1
github.com/mensylisir/kubexm/pkg/connector/ssh.go:263.25,264.23 1 1
github.com/mensylisir/kubexm/pkg/connector/ssh.go:264.23,266.4 1 0
github.com/mensylisir/kubexm/pkg/connector/ssh.go:267.3,269.17 3 1
github.com/mensylisir/kubexm/pkg/connector/ssh.go:269.17,271.4 1 0
github.com/mensylisir/kubexm/pkg/connector/ssh.go:273.2,273.12 1 1
github.com/mensylisir/kubexm/pkg/connector/ssh.go:276.125,278.2 1 1
github.com/mensylisir/kubexm/pkg/connector/ssh.go:280.124,282.17 2 1
github.com/mensylisir/kubexm/pkg/connector/ssh.go:282.17,284.3 1 1
github.com/mensylisir/kubexm/pkg/connector/ssh.go:285.2,285.77 1 1
github.com/mensylisir/kubexm/pkg/connector/ssh.go:288.136,290.20 2 1
github.com/mensylisir/kubexm/pkg/connector/ssh.go:290.20,292.3 1 1
github.com/mensylisir/kubexm/pkg/connector/ssh.go:294.2,294.39 1 1
github.com/mensylisir/kubexm/pkg/connector/ssh.go:294.39,296.3 1 0
github.com/mensylisir/kubexm/pkg/connector/ssh.go:298.2,298.15 1 1
github.com/mensylisir/kubexm/pkg/connector/ssh.go:298.15,300.3 1 1
github.com/mensylisir/kubexm/pkg/connector/ssh.go:301.2,301.52 1 1
github.com/mensylisir/kubexm/pkg/connector/ssh.go:304.122,307.15 3 1
github.com/mensylisir/kubexm/pkg/connector/ssh.go:307.15,311.17 4 1
github.com/mensylisir/kubexm/pkg/connector/ssh.go:311.17,313.4 1 0
github.com/mensylisir/kubexm/pkg/connector/ssh.go:316.2,317.16 2 1
github.com/mensylisir/kubexm/pkg/connector/ssh.go:317.16,319.3 1 0
github.com/mensylisir/kubexm/pkg/connector/ssh.go:321.2,322.55 2 1
github.com/mensylisir/kubexm/pkg/connector/ssh.go:322.55,325.22 3 1
github.com/mensylisir/kubexm/pkg/connector/ssh.go:325.22,327.4 1 0
github.com/mensylisir/kubexm/pkg/connector/ssh.go:330.2,332.18 3 1
github.com/mensylisir/kubexm/pkg/connector/ssh.go:332.18,334.3 1 0
github.com/mensylisir/kubexm/pkg/connector/ssh.go:336.2,336.28 1 1
github.com/mensylisir/kubexm/pkg/connector/ssh.go:336.28,337.71 1 0
github.com/mensylisir/kubexm/pkg/connector/ssh.go:337.71,339.4 1 0
github.com/mensylisir/kubexm/pkg/connector/ssh.go:340.3,342.22 3 0
github.com/mensylisir/kubexm/pkg/connector/ssh.go:342.22,344.4 1 0
github.com/mensylisir/kubexm/pkg/connector/ssh.go:347.2,347.22 1 1
github.com/mensylisir/kubexm/pkg/connector/ssh.go:347.22,349.23 2 0
github.com/mensylisir/kubexm/pkg/connector/ssh.go:349.23,351.4 1 0
github.com/mensylisir/kubexm/pkg/connector/ssh.go:352.3,354.22 3 0
github.com/mensylisir/kubexm/pkg/connector/ssh.go:354.22,356.4 1 0
github.com/mensylisir/kubexm/pkg/connector/ssh.go:357.8,363.22 3 1
github.com/mensylisir/kubexm/pkg/connector/ssh.go:363.22,366.4 1 0
github.com/mensylisir/kubexm/pkg/connector/ssh.go:369.2,369.12 1 1
github.com/mensylisir/kubexm/pkg/connector/ssh.go:372.125,374.2 1 1
github.com/mensylisir/kubexm/pkg/connector/ssh.go:376.117,378.39 2 1
github.com/mensylisir/kubexm/pkg/connector/ssh.go:378.39,380.3 1 0
github.com/mensylisir/kubexm/pkg/connector/ssh.go:382.2,383.61 2 1
github.com/mensylisir/kubexm/pkg/connector/ssh.go:383.61,384.58 1 1
github.com/mensylisir/kubexm/pkg/connector/ssh.go:384.58,386.4 1 0
github.com/mensylisir/kubexm/pkg/connector/ssh.go:389.2,390.16 2 1
github.com/mensylisir/kubexm/pkg/connector/ssh.go:390.16,392.3 1 0
github.com/mensylisir/kubexm/pkg/connector/ssh.go:393.2,395.49 2 1
github.com/mensylisir/kubexm/pkg/connector/ssh.go:395.49,397.3 1 0
github.com/mensylisir/kubexm/pkg/connector/ssh.go:399.2,399.23 1 1
github.com/mensylisir/kubexm/pkg/connector/ssh.go:399.23,401.22 2 1
github.com/mensylisir/kubexm/pkg/connector/ssh.go:401.22,403.4 1 0
github.com/mensylisir/kubexm/pkg/connector/ssh.go:403.9,404.87 1 1
github.com/mensylisir/kubexm/pkg/connector/ssh.go:404.87,406.5 1 0
github.com/mensylisir/kubexm/pkg/connector/ssh.go:409.2,409.12 1 1
github.com/mensylisir/kubexm/pkg/connector/ssh.go:412.82,413.39 1 1
github.com/mensylisir/kubexm/pkg/connector/ssh.go:413.39,415.3 1 0
github.com/mensylisir/kubexm/pkg/connector/ssh.go:416.2,417.16 2 1
github.com/mensylisir/kubexm/pkg/connector/ssh.go:417.16,418.25 1 0
github.com/mensylisir/kubexm/pkg/connector/ssh.go:418.25,420.4 1 0
github.com/mensylisir/kubexm/pkg/connector/ssh.go:421.3,421.73 1 0
github.com/mensylisir/kubexm/pkg/connector/ssh.go:423.2,430.8 1 1
github.com/mensylisir/kubexm/pkg/connector/ssh.go:433.112,436.39 2 0
github.com/mensylisir/kubexm/pkg/connector/ssh.go:436.39,438.17 2 0
github.com/mensylisir/kubexm/pkg/connector/ssh.go:438.17,447.4 1 0
github.com/mensylisir/kubexm/pkg/connector/ssh.go:448.3,448.25 1 0
github.com/mensylisir/kubexm/pkg/connector/ssh.go:448.25,450.4 1 0
github.com/mensylisir/kubexm/pkg/connector/ssh.go:451.3,451.15 1 0
github.com/mensylisir/kubexm/pkg/connector/ssh.go:451.15,453.4 1 0
github.com/mensylisir/kubexm/pkg/connector/ssh.go:454.8,454.21 1 0
github.com/mensylisir/kubexm/pkg/connector/ssh.go:454.21,456.3 1 0
github.com/mensylisir/kubexm/pkg/connector/ssh.go:458.2,458.13 1 0
github.com/mensylisir/kubexm/pkg/connector/ssh.go:458.13,462.23 3 0
github.com/mensylisir/kubexm/pkg/connector/ssh.go:462.23,464.4 1 0
github.com/mensylisir/kubexm/pkg/connector/ssh.go:466.3,474.9 4 0
github.com/mensylisir/kubexm/pkg/connector/ssh.go:476.2,476.104 1 0
github.com/mensylisir/kubexm/pkg/connector/ssh.go:479.83,480.60 1 0
github.com/mensylisir/kubexm/pkg/connector/ssh.go:480.60,482.3 1 0
github.com/mensylisir/kubexm/pkg/connector/ssh.go:484.2,486.16 3 0
github.com/mensylisir/kubexm/pkg/connector/ssh.go:486.16,488.3 1 0
github.com/mensylisir/kubexm/pkg/connector/ssh.go:489.2,490.16 2 0
github.com/mensylisir/kubexm/pkg/connector/ssh.go:490.16,492.3 1 0
github.com/mensylisir/kubexm/pkg/connector/ssh.go:493.2,493.18 1 0
github.com/mensylisir/kubexm/pkg/connector/ssh.go:496.117,497.60 1 0
github.com/mensylisir/kubexm/pkg/connector/ssh.go:497.60,499.3 1 0
github.com/mensylisir/kubexm/pkg/connector/ssh.go:501.2,510.16 5 0
github.com/mensylisir/kubexm/pkg/connector/ssh.go:510.16,512.3 1 0
github.com/mensylisir/kubexm/pkg/connector/ssh.go:514.2,515.16 2 0
github.com/mensylisir/kubexm/pkg/connector/ssh.go:515.16,517.3 1 0
github.com/mensylisir/kubexm/pkg/connector/ssh.go:519.2,519.18 1 0
github.com/mensylisir/kubexm/pkg/connector/ssh.go:522.64,523.22 1 0
github.com/mensylisir/kubexm/pkg/connector/ssh.go:523.22,525.2 1 0
github.com/mensylisir/kubexm/pkg/connector/ssh.go:527.1,531.15 3 0
github.com/mensylisir/kubexm/pkg/connector/ssh.go:531.15,536.2 4 0
github.com/mensylisir/kubexm/pkg/connector/ssh.go:536.7,541.15 4 0
github.com/mensylisir/kubexm/pkg/connector/ssh.go:541.15,543.20 2 0
github.com/mensylisir/kubexm/pkg/connector/ssh.go:543.20,545.2 1 0
github.com/mensylisir/kubexm/pkg/connector/ssh.go:546.1,546.27 1 0
github.com/mensylisir/kubexm/pkg/connector/ssh.go:546.27,548.2 1 0
github.com/mensylisir/kubexm/pkg/connector/ssh.go:549.1,549.26 1 0
github.com/mensylisir/kubexm/pkg/connector/ssh.go:549.26,551.2 1 0
github.com/mensylisir/kubexm/pkg/connector/ssh.go:556.1,556.20 1 0
github.com/mensylisir/kubexm/pkg/connector/ssh.go:556.20,560.15 4 0
github.com/mensylisir/kubexm/pkg/connector/ssh.go:560.15,562.2 1 0
github.com/mensylisir/kubexm/pkg/connector/ssh.go:565.1,565.20 1 0
github.com/mensylisir/kubexm/pkg/connector/ssh.go:565.20,567.2 1 0
github.com/mensylisir/kubexm/pkg/connector/ssh.go:569.1,570.19 2 0
github.com/mensylisir/kubexm/pkg/connector/ssh.go:573.83,574.39 1 0
github.com/mensylisir/kubexm/pkg/connector/ssh.go:574.39,576.3 1 0
github.com/mensylisir/kubexm/pkg/connector/ssh.go:577.2,578.16 2 0
github.com/mensylisir/kubexm/pkg/connector/ssh.go:578.16,580.3 1 0
github.com/mensylisir/kubexm/pkg/connector/ssh.go:581.2,584.16 3 0
github.com/mensylisir/kubexm/pkg/connector/ssh.go:584.16,586.3 1 0
github.com/mensylisir/kubexm/pkg/connector/ssh.go:587.2,587.26 1 0
github.com/mensylisir/kubexm/pkg/connector/ssh.go:590.121,592.30 2 1
github.com/mensylisir/kubexm/pkg/connector/ssh.go:592.30,594.3 1 1
github.com/mensylisir/kubexm/pkg/connector/ssh.go:595.2,595.14 1 1
github.com/mensylisir/kubexm/pkg/connector/ssh.go:595.14,596.40 1 1
github.com/mensylisir/kubexm/pkg/connector/ssh.go:596.40,598.4 1 0
github.com/mensylisir/kubexm/pkg/connector/ssh.go:599.3,600.17 2 1
github.com/mensylisir/kubexm/pkg/connector/ssh.go:600.17,602.4 1 0
github.com/mensylisir/kubexm/pkg/connector/ssh.go:603.3,604.26 2 1
github.com/mensylisir/kubexm/pkg/connector/ssh.go:606.2,610.37 3 1
github.com/mensylisir/kubexm/pkg/connector/ssh.go:610.37,612.3 1 0
github.com/mensylisir/kubexm/pkg/connector/ssh.go:614.2,615.16 2 1
github.com/mensylisir/kubexm/pkg/connector/ssh.go:615.16,617.3 1 0
github.com/mensylisir/kubexm/pkg/connector/ssh.go:618.2,618.20 1 1
github.com/mensylisir/kubexm/pkg/connector/ssh.go:621.83,626.16 4 1
github.com/mensylisir/kubexm/pkg/connector/ssh.go:626.16,628.3 1 0
github.com/mensylisir/kubexm/pkg/connector/ssh.go:630.2,630.16 1 1
github.com/mensylisir/kubexm/pkg/connector/ssh.go:630.16,631.61 1 1
github.com/mensylisir/kubexm/pkg/connector/ssh.go:631.61,633.4 1 0
github.com/mensylisir/kubexm/pkg/connector/ssh.go:634.3,636.22 3 1
github.com/mensylisir/kubexm/pkg/connector/ssh.go:636.22,638.4 1 0
github.com/mensylisir/kubexm/pkg/connector/ssh.go:640.2,640.12 1 1
github.com/mensylisir/kubexm/pkg/connector/ssh.go:643.91,644.25 1 1
github.com/mensylisir/kubexm/pkg/connector/ssh.go:644.25,648.34 4 0
github.com/mensylisir/kubexm/pkg/connector/ssh.go:648.34,650.4 1 0
github.com/mensylisir/kubexm/pkg/connector/ssh.go:653.2,654.20 2 1
github.com/mensylisir/kubexm/pkg/connector/ssh.go:654.20,656.3 1 1
github.com/mensylisir/kubexm/pkg/connector/ssh.go:657.2,660.16 3 1
github.com/mensylisir/kubexm/pkg/connector/ssh.go:660.16,662.3 1 0
github.com/mensylisir/kubexm/pkg/connector/ssh.go:663.2,663.12 1 1
github.com/mensylisir/kubexm/pkg/connector/ssh.go:666.111,670.39 3 0
github.com/mensylisir/kubexm/pkg/connector/ssh.go:671.16,672.60 1 0
github.com/mensylisir/kubexm/pkg/connector/ssh.go:673.13,674.57 1 0
github.com/mensylisir/kubexm/pkg/connector/ssh.go:675.10,676.124 1 0
github.com/mensylisir/kubexm/pkg/connector/ssh.go:679.2,680.16 2 0
github.com/mensylisir/kubexm/pkg/connector/ssh.go:680.16,682.3 1 0
github.com/mensylisir/kubexm/pkg/connector/ssh.go:684.2,685.20 2 0
github.com/mensylisir/kubexm/pkg/connector/ssh.go:685.20,687.3 1 0
github.com/mensylisir/kubexm/pkg/connector/ssh.go:688.2,688.138 1 0
github.com/mensylisir/kubexm/pkg/connector/ssh.go:695.54,695.76 1 0
github.com/mensylisir/kubexm/pkg/connector/ssh.go:697.118,700.16 3 1
github.com/mensylisir/kubexm/pkg/connector/ssh.go:700.16,702.3 1 0
github.com/mensylisir/kubexm/pkg/connector/ssh.go:704.2,705.27 2 1
github.com/mensylisir/kubexm/pkg/connector/ssh.go:705.27,707.3 1 0
github.com/mensylisir/kubexm/pkg/connector/ssh.go:708.2,708.27 1 1
github.com/mensylisir/kubexm/pkg/connector/ssh.go:708.27,710.3 1 0
github.com/mensylisir/kubexm/pkg/connector/ssh.go:712.2,719.44 2 1
github.com/mensylisir/kubexm/pkg/connector/ssh.go:719.44,722.3 2 1
github.com/mensylisir/kubexm/pkg/connector/ssh.go:724.2,726.27 2 1
github.com/mensylisir/kubexm/pkg/connector/ssh.go:726.27,738.3 2 0
github.com/mensylisir/kubexm/pkg/connector/ssh.go:740.2,741.16 2 1
github.com/mensylisir/kubexm/pkg/connector/ssh.go:741.16,743.3 1 0
github.com/mensylisir/kubexm/pkg/connector/ssh.go:744.2,744.25 1 1
github.com/mensylisir/kubexm/pkg/connector/ssh.go:747.209,750.16 3 0
github.com/mensylisir/kubexm/pkg/connector/ssh.go:750.16,752.3 1 0
github.com/mensylisir/kubexm/pkg/connector/ssh.go:754.2,755.34 2 0
github.com/mensylisir/kubexm/pkg/connector/ssh.go:755.34,757.3 1 0
github.com/mensylisir/kubexm/pkg/connector/ssh.go:758.2,758.34 1 0
github.com/mensylisir/kubexm/pkg/connector/ssh.go:758.34,760.3 1 0
github.com/mensylisir/kubexm/pkg/connector/ssh.go:762.2,769.45 2 0
github.com/mensylisir/kubexm/pkg/connector/ssh.go:769.45,772.3 2 0
github.com/mensylisir/kubexm/pkg/connector/ssh.go:774.2,777.16 3 0
github.com/mensylisir/kubexm/pkg/connector/ssh.go:777.16,779.3 1 0
github.com/mensylisir/kubexm/pkg/connector/ssh.go:781.2,782.16 2 0
github.com/mensylisir/kubexm/pkg/connector/ssh.go:782.16,785.3 2 0
github.com/mensylisir/kubexm/pkg/connector/ssh.go:787.2,788.16 2 0
github.com/mensylisir/kubexm/pkg/connector/ssh.go:788.16,792.3 3 0
github.com/mensylisir/kubexm/pkg/connector/ssh.go:793.2,794.41 2 0
github.com/mensylisir/kubexm/pkg/connector/ssh.go:797.68,800.24 2 1
github.com/mensylisir/kubexm/pkg/connector/ssh.go:800.24,802.3 1 1
github.com/mensylisir/kubexm/pkg/connector/ssh.go:804.2,804.29 1 1
github.com/mensylisir/kubexm/pkg/connector/ssh.go:804.29,806.17 2 1
github.com/mensylisir/kubexm/pkg/connector/ssh.go:806.17,808.4 1 0
github.com/mensylisir/kubexm/pkg/connector/ssh.go:809.3,809.52 1 1
github.com/mensylisir/kubexm/pkg/connector/ssh.go:810.8,810.37 1 1
github.com/mensylisir/kubexm/pkg/connector/ssh.go:810.37,812.17 2 0
github.com/mensylisir/kubexm/pkg/connector/ssh.go:812.17,814.4 1 0
github.com/mensylisir/kubexm/pkg/connector/ssh.go:815.3,816.17 2 0
github.com/mensylisir/kubexm/pkg/connector/ssh.go:816.17,818.4 1 0
github.com/mensylisir/kubexm/pkg/connector/ssh.go:819.3,819.52 1 0
github.com/mensylisir/kubexm/pkg/connector/ssh.go:822.2,822.23 1 1
github.com/mensylisir/kubexm/pkg/connector/ssh.go:822.23,824.3 1 0
github.com/mensylisir/kubexm/pkg/connector/ssh.go:825.2,825.21 1 1
github.com/mensylisir/kubexm/pkg/connector/ssh.go:830.118,832.2 1 0
github.com/mensylisir/kubexm/pkg/connector/ssh.go:834.120,835.39 1 0
github.com/mensylisir/kubexm/pkg/connector/ssh.go:835.39,837.3 1 0
github.com/mensylisir/kubexm/pkg/connector/ssh.go:839.2,840.16 2 0
github.com/mensylisir/kubexm/pkg/connector/ssh.go:840.16,842.3 1 0
github.com/mensylisir/kubexm/pkg/connector/ssh.go:843.2,845.67 2 0
github.com/mensylisir/kubexm/pkg/connector/ssh.go:845.67,847.3 1 0
github.com/mensylisir/kubexm/pkg/connector/ssh.go:848.2,849.16 2 0
github.com/mensylisir/kubexm/pkg/connector/ssh.go:849.16,851.3 1 0
github.com/mensylisir/kubexm/pkg/connector/ssh.go:852.2,854.53 2 0
github.com/mensylisir/kubexm/pkg/connector/ssh.go:854.53,856.3 1 0
github.com/mensylisir/kubexm/pkg/connector/ssh.go:858.2,858.49 1 0
github.com/mensylisir/kubexm/pkg/connector/ssh.go:858.49,861.3 2 0
github.com/mensylisir/kubexm/pkg/connector/ssh.go:863.2,863.12 1 0
github.com/mensylisir/kubexm/pkg/connector/ssh.go:866.121,869.39 2 0
github.com/mensylisir/kubexm/pkg/connector/ssh.go:869.39,871.3 1 0
github.com/mensylisir/kubexm/pkg/connector/ssh.go:873.2,875.52 2 0
github.com/mensylisir/kubexm/pkg/connector/ssh.go:875.52,877.3 1 0
github.com/mensylisir/kubexm/pkg/connector/ssh.go:879.2,880.20 2 0
github.com/mensylisir/kubexm/pkg/connector/ssh.go:880.20,881.10 1 0
github.com/mensylisir/kubexm/pkg/connector/ssh.go:882.21,883.20 1 0
github.com/mensylisir/kubexm/pkg/connector/ssh.go:884.11,884.11 0 0
github.com/mensylisir/kubexm/pkg/connector/ssh.go:887.3,887.38 1 0
github.com/mensylisir/kubexm/pkg/connector/ssh.go:887.38,889.12 2 0
github.com/mensylisir/kubexm/pkg/connector/ssh.go:892.3,896.17 4 0
github.com/mensylisir/kubexm/pkg/connector/ssh.go:896.17,898.4 1 0
github.com/mensylisir/kubexm/pkg/connector/ssh.go:899.3,901.19 2 0
github.com/mensylisir/kubexm/pkg/connector/ssh.go:901.19,903.69 2 0
github.com/mensylisir/kubexm/pkg/connector/ssh.go:903.69,905.5 1 0
github.com/mensylisir/kubexm/pkg/connector/ssh.go:906.9,909.18 3 0
github.com/mensylisir/kubexm/pkg/connector/ssh.go:909.18,911.5 1 0
github.com/mensylisir/kubexm/pkg/connector/ssh.go:912.4,914.18 3 0
github.com/mensylisir/kubexm/pkg/connector/ssh.go:914.18,916.5 1 0
github.com/mensylisir/kubexm/pkg/connector/ssh.go:917.4,920.18 3 0
github.com/mensylisir/kubexm/pkg/connector/ssh.go:920.18,923.5 2 0
github.com/mensylisir/kubexm/pkg/connector/ssh.go:925.4,925.66 1 0
github.com/mensylisir/kubexm/pkg/connector/ssh.go:925.66,927.5 1 0
github.com/mensylisir/kubexm/pkg/connector/ssh.go:929.4,929.80 1 0
github.com/mensylisir/kubexm/pkg/connector/ssh.go:933.2,934.12 2 0
github.com/mensylisir/kubexm/pkg/connector/ssh.go:937.111,939.16 2 0
github.com/mensylisir/kubexm/pkg/connector/ssh.go:939.16,941.3 1 0
github.com/mensylisir/kubexm/pkg/connector/ssh.go:943.2,943.22 1 0
github.com/mensylisir/kubexm/pkg/connector/ssh.go:943.22,945.17 2 0
github.com/mensylisir/kubexm/pkg/connector/ssh.go:945.17,947.4 1 0
github.com/mensylisir/kubexm/pkg/connector/ssh.go:948.3,949.63 2 0
github.com/mensylisir/kubexm/pkg/connector/ssh.go:952.2,952.56 1 0
github.com/mensylisir/kubexm/pkg/connector/ssh.go:955.118,958.20 3 0
github.com/mensylisir/kubexm/pkg/connector/ssh.go:958.20,960.3 1 0
github.com/mensylisir/kubexm/pkg/connector/ssh.go:962.2,966.92 4 0
github.com/mensylisir/kubexm/pkg/connector/ssh.go:966.92,967.21 1 0
github.com/mensylisir/kubexm/pkg/connector/ssh.go:967.21,969.4 1 0
github.com/mensylisir/kubexm/pkg/connector/ssh.go:970.3,971.23 2 0
github.com/mensylisir/kubexm/pkg/connector/ssh.go:971.23,973.4 1 0
github.com/mensylisir/kubexm/pkg/connector/ssh.go:974.3,976.24 3 0
github.com/mensylisir/kubexm/pkg/connector/ssh.go:976.24,978.4 1 0
github.com/mensylisir/kubexm/pkg/connector/ssh.go:979.3,979.19 1 0
github.com/mensylisir/kubexm/pkg/connector/ssh.go:979.19,981.4 1 0
github.com/mensylisir/kubexm/pkg/connector/ssh.go:982.3,982.48 1 0
github.com/mensylisir/kubexm/pkg/connector/ssh.go:982.48,984.4 1 0
github.com/mensylisir/kubexm/pkg/connector/ssh.go:985.3,985.30 1 0
github.com/mensylisir/kubexm/pkg/connector/ssh.go:985.30,987.22 2 0
github.com/mensylisir/kubexm/pkg/connector/ssh.go:987.22,989.5 1 0
github.com/mensylisir/kubexm/pkg/connector/ssh.go:990.4,991.55 2 0
github.com/mensylisir/kubexm/pkg/connector/ssh.go:991.55,993.5 1 0
github.com/mensylisir/kubexm/pkg/connector/ssh.go:995.3,995.13 1 0
github.com/mensylisir/kubexm/pkg/connector/ssh.go:997.2,997.20 1 0
github.com/mensylisir/kubexm/pkg/connector/ssh.go:997.20,999.3 1 0
github.com/mensylisir/kubexm/pkg/connector/ssh.go:1000.2,1000.35 1 0
github.com/mensylisir/kubexm/pkg/connector/ssh.go:1000.35,1002.3 1 0
github.com/mensylisir/kubexm/pkg/connector/ssh.go:1003.2,1003.36 1 0
github.com/mensylisir/kubexm/pkg/connector/ssh.go:1003.36,1005.3 1 0
github.com/mensylisir/kubexm/pkg/connector/ssh.go:1007.2,1009.22 3 0
github.com/mensylisir/kubexm/pkg/connector/ssh.go:1009.22,1011.3 1 0
github.com/mensylisir/kubexm/pkg/connector/ssh.go:1012.2,1012.15 1 0
github.com/mensylisir/kubexm/pkg/connector/ssh.go:1012.15,1016.19 4 0
github.com/mensylisir/kubexm/pkg/connector/ssh.go:1016.19,1018.4 1 0
github.com/mensylisir/kubexm/pkg/connector/ssh.go:1021.2,1024.73 3 0
github.com/mensylisir/kubexm/pkg/connector/ssh.go:1024.73,1026.22 2 0
github.com/mensylisir/kubexm/pkg/connector/ssh.go:1026.22,1028.4 1 0
github.com/mensylisir/kubexm/pkg/connector/ssh.go:1031.2,1034.21 3 0
github.com/mensylisir/kubexm/pkg/connector/ssh.go:1034.21,1036.3 1 0
github.com/mensylisir/kubexm/pkg/connector/ssh.go:1038.2,1040.20 3 0
github.com/mensylisir/kubexm/pkg/connector/ssh.go:1040.20,1042.3 1 0
github.com/mensylisir/kubexm/pkg/connector/ssh.go:1044.2,1044.28 1 0
github.com/mensylisir/kubexm/pkg/connector/ssh.go:1044.28,1045.73 1 0
github.com/mensylisir/kubexm/pkg/connector/ssh.go:1045.73,1047.4 1 0
github.com/mensylisir/kubexm/pkg/connector/ssh.go:1048.3,1050.22 3 0
github.com/mensylisir/kubexm/pkg/connector/ssh.go:1050.22,1052.4 1 0
github.com/mensylisir/kubexm/pkg/connector/ssh.go:1054.2,1054.22 1 0
github.com/mensylisir/kubexm/pkg/connector/ssh.go:1054.22,1056.23 2 0
github.com/mensylisir/kubexm/pkg/connector/ssh.go:1056.23,1058.4 1 0
github.com/mensylisir/kubexm/pkg/connector/ssh.go:1059.3,1061.22 3 0
github.com/mensylisir/kubexm/pkg/connector/ssh.go:1061.22,1063.4 1 0
github.com/mensylisir/kubexm/pkg/connector/ssh.go:1066.2,1066.12 1 0
github.com/mensylisir/kubexm/pkg/connector/ssh.go:1069.117,1071.20 2 0
github.com/mensylisir/kubexm/pkg/connector/ssh.go:1071.20,1073.3 1 0
github.com/mensylisir/kubexm/pkg/connector/ssh.go:1074.2,1074.16 1 0
github.com/mensylisir/kubexm/pkg/connector/ssh.go:1074.16,1076.3 1 0
github.com/mensylisir/kubexm/pkg/connector/ssh.go:1078.2,1081.15 3 0
github.com/mensylisir/kubexm/pkg/connector/ssh.go:1081.15,1085.19 4 0
github.com/mensylisir/kubexm/pkg/connector/ssh.go:1085.19,1087.4 1 0
github.com/mensylisir/kubexm/pkg/connector/ssh.go:1090.2,1091.33 2 0
github.com/mensylisir/kubexm/pkg/connector/ssh.go:1091.33,1093.3 1 0
github.com/mensylisir/kubexm/pkg/connector/ssh.go:1095.2,1096.16 2 0
github.com/mensylisir/kubexm/pkg/connector/ssh.go:1096.16,1098.3 1 0
github.com/mensylisir/kubexm/pkg/connector/ssh.go:1100.2,1101.80 2 0
github.com/mensylisir/kubexm/pkg/connector/ssh.go:1101.80,1103.3 1 0
github.com/mensylisir/kubexm/pkg/connector/ssh.go:1105.2,1106.83 2 0
github.com/mensylisir/kubexm/pkg/connector/ssh.go:1106.83,1108.3 1 0
github.com/mensylisir/kubexm/pkg/connector/ssh.go:1110.2,1116.16 2 0
github.com/mensylisir/kubexm/pkg/connector/ssh.go:1116.16,1117.85 1 0
github.com/mensylisir/kubexm/pkg/connector/ssh.go:1117.85,1119.4 1 0
github.com/mensylisir/kubexm/pkg/connector/ssh.go:1122.2,1122.81 1 0
github.com/mensylisir/kubexm/pkg/connector/ssh.go:1122.81,1124.3 1 0
github.com/mensylisir/kubexm/pkg/connector/ssh.go:1126.2,1126.12 1 0
github.com/mensylisir/kubexm/pkg/connector/ssh.go:1129.60,1131.2 1 0
github.com/mensylisir/kubexm/pkg/connector/ssh.go:1134.98,1137.16 3 0
github.com/mensylisir/kubexm/pkg/connector/ssh.go:1137.16,1139.44 2 0
github.com/mensylisir/kubexm/pkg/connector/ssh.go:1139.44,1141.4 1 0
github.com/mensylisir/kubexm/pkg/connector/ssh.go:1143.2,1143.75 1 0
github.com/mensylisir/kubexm/pkg/connector/ssh.go:1147.98,1148.17 1 0
github.com/mensylisir/kubexm/pkg/connector/ssh.go:1148.17,1150.3 1 0
github.com/mensylisir/kubexm/pkg/connector/ssh.go:1151.2,1151.95 1 0
github.com/mensylisir/kubexm/pkg/connector/ssh.go:1155.106,1156.17 1 0
github.com/mensylisir/kubexm/pkg/connector/ssh.go:1156.17,1158.3 1 0
github.com/mensylisir/kubexm/pkg/connector/ssh.go:1159.2,1165.4 1 0
github.com/mensylisir/kubexm/pkg/connector/ssh.go:1168.79,1169.39 1 0
github.com/mensylisir/kubexm/pkg/connector/ssh.go:1169.39,1171.3 1 0
github.com/mensylisir/kubexm/pkg/connector/ssh.go:1172.2,1173.16 2 0
github.com/mensylisir/kubexm/pkg/connector/ssh.go:1173.16,1174.25 1 0
github.com/mensylisir/kubexm/pkg/connector/ssh.go:1174.25,1176.4 1 0
github.com/mensylisir/kubexm/pkg/connector/ssh.go:1177.3,1177.75 1 0
github.com/mensylisir/kubexm/pkg/connector/ssh.go:1179.2,1179.25 1 0
github.com/mensylisir/kubexm/pkg/connector/ssh.go:1182.78,1183.39 1 1
github.com/mensylisir/kubexm/pkg/connector/ssh.go:1183.39,1185.3 1 0
github.com/mensylisir/kubexm/pkg/connector/ssh.go:1186.2,1187.16 2 1
github.com/mensylisir/kubexm/pkg/connector/ssh.go:1187.16,1188.25 1 0
github.com/mensylisir/kubexm/pkg/connector/ssh.go:1188.25,1190.4 1 0
github.com/mensylisir/kubexm/pkg/connector/ssh.go:1191.3,1191.75 1 0
github.com/mensylisir/kubexm/pkg/connector/ssh.go:1193.2,1193.24 1 1
github.com/mensylisir/kubexm/pkg/connector/ssh.go:1196.91,1197.39 1 0
github.com/mensylisir/kubexm/pkg/connector/ssh.go:1197.39,1199.3 1 0
github.com/mensylisir/kubexm/pkg/connector/ssh.go:1200.2,1201.16 2 0
github.com/mensylisir/kubexm/pkg/connector/ssh.go:1201.16,1203.3 1 0
github.com/mensylisir/kubexm/pkg/connector/ssh.go:1204.2,1204.23 1 0
github.com/mensylisir/kubexm/pkg/connector/ssh.go:1207.95,1210.16 3 0
github.com/mensylisir/kubexm/pkg/connector/ssh.go:1210.16,1212.3 1 0
github.com/mensylisir/kubexm/pkg/connector/ssh.go:1213.2,1214.20 2 0
github.com/mensylisir/kubexm/pkg/connector/ssh.go:1214.20,1216.3 1 0
github.com/mensylisir/kubexm/pkg/connector/ssh.go:1217.2,1217.32 1 0
github.com/mensylisir/kubexm/pkg/connector/ssh.go:1220.85,1224.37 3 0
github.com/mensylisir/kubexm/pkg/connector/ssh.go:1224.37,1226.15 2 0
github.com/mensylisir/kubexm/pkg/connector/ssh.go:1226.15,1228.2 1 0
github.com/mensylisir/kubexm/pkg/connector/ssh.go:1231.1,1231.90 1 0
